[debug] [2025-03-17T01:42:47.746Z] ----------------------------------------------------------------------
[debug] [2025-03-17T01:42:47.751Z] Command:       C:\Program Files\nodejs\node.exe C:\Users\rlagu\AppData\Roaming\npm\node_modules\firebase-tools\lib\bin\firebase.js init
[debug] [2025-03-17T01:42:47.752Z] CLI Version:   13.34.0
[debug] [2025-03-17T01:42:47.752Z] Platform:      win32
[debug] [2025-03-17T01:42:47.753Z] Node Version:  v20.18.3
[debug] [2025-03-17T01:42:47.753Z] Time:          Mon Mar 17 2025 10:42:47 GMT+0900 (대한민국 표준시)
[debug] [2025-03-17T01:42:47.753Z] ----------------------------------------------------------------------
[debug] 
[debug] [2025-03-17T01:42:48.120Z] > command requires scopes: ["email","openid","https://www.googleapis.com/auth/cloudplatformprojects.readonly","https://www.googleapis.com/auth/firebase","https://www.googleapis.com/auth/cloud-platform"]
[debug] [2025-03-17T01:42:48.120Z] > authorizing via signed-in user (rlagudwns3555@gmail.com)
[info] 
     ######## #### ########  ######## ########     ###     ######  ########
     ##        ##  ##     ## ##       ##     ##  ##   ##  ##       ##
     ######    ##  ########  ######   ########  #########  ######  ######
     ##        ##  ##    ##  ##       ##     ## ##     ##       ## ##
     ##       #### ##     ## ######## ########  ##     ##  ######  ########

You're about to initialize a Firebase project in this directory:

  C:\Users\rlagu\OneDrive\Desktop\teamproject\nonymousaa

Before we get started, keep in mind:

  * You are initializing within an existing Firebase project directory

